Arguments: 
  /usr/local/bin/node /usr/local/lib/node_modules/yarn/bin/yarn.js init

PATH: 
  /sbin:/bin:/usr/sbin:/usr/bin:/usr/local/sbin:/usr/local/bin

Yarn version: 
  1.16.0

Node version: 
  12.7.0

Platform: 
  freebsd x64

Trace: 
  SyntaxError: /usr/local/www/sites/carcash.shop/package.json: Unexpected end of JSON input
      at JSON.parse (<anonymous>)
      at /usr/local/lib/node_modules/yarn/lib/cli.js:1625:59
      at Generator.next (<anonymous>)
      at step (/usr/local/lib/node_modules/yarn/lib/cli.js:304:30)
      at /usr/local/lib/node_modules/yarn/lib/cli.js:315:13

npm manifest: 
  

yarn manifest: 
  No manifest

Lockfile: 
  No lockfile
